
==========================================================================
cts final report_tns
--------------------------------------------------------------------------
tns max 0.00

==========================================================================
cts final report_wns
--------------------------------------------------------------------------
wns max 0.00

==========================================================================
cts final report_worst_slack
--------------------------------------------------------------------------
worst slack max 1.69

==========================================================================
cts final report_clock_skew
--------------------------------------------------------------------------
Clock adc_clk
   0.53 source latency cnb.shift_register_r[10]$_DFFE_PN0N_/CLK ^
  -0.47 target latency cnb.data_register_r[2]$_DFFE_PN0P_/CLK ^
  -0.02 CRPR
--------------
   0.04 setup skew


==========================================================================
cts final report_checks -path_delay min
--------------------------------------------------------------------------
Startpoint: cnb.average_counter_r[0]$_DFF_PN1_
            (rising edge-triggered flip-flop clocked by adc_clk)
Endpoint: cnb.average_counter_r[0]$_DFF_PN1_
          (rising edge-triggered flip-flop clocked by adc_clk)
Path Group: adc_clk
Path Type: min

Fanout     Cap    Slew   Delay    Time   Description
-----------------------------------------------------------------------------
                          0.00    0.00   clock adc_clk (rise edge)
                          0.00    0.00   clock source latency
     1    0.04    0.00    0.00    0.00 ^ a_clk_dig_in (in)
                                         a_clk_dig_in (net)
                  0.00    0.00    0.00 ^ clkbuf_0_a_clk_dig_in/I (gf180mcu_fd_sc_mcu7t5v0__clkbuf_8)
     4    0.07    0.16    0.21    0.21 ^ clkbuf_0_a_clk_dig_in/Z (gf180mcu_fd_sc_mcu7t5v0__clkbuf_8)
                                         clknet_0_a_clk_dig_in (net)
                  0.16    0.00    0.21 ^ clkbuf_2_0__f_a_clk_dig_in/I (gf180mcu_fd_sc_mcu7t5v0__clkbuf_8)
    16    0.09    0.20    0.26    0.47 ^ clkbuf_2_0__f_a_clk_dig_in/Z (gf180mcu_fd_sc_mcu7t5v0__clkbuf_8)
                                         clknet_2_0__leaf_a_clk_dig_in (net)
                  0.20    0.00    0.47 ^ cnb.average_counter_r[0]$_DFF_PN1_/CLK (gf180mcu_fd_sc_mcu7t5v0__dffsnq_4)
     4    0.04    0.18    0.68    1.16 ^ cnb.average_counter_r[0]$_DFF_PN1_/Q (gf180mcu_fd_sc_mcu7t5v0__dffsnq_4)
                                         cnb.average_counter_r[0] (net)
                  0.18    0.00    1.16 ^ _1291_/A1 (gf180mcu_fd_sc_mcu7t5v0__nand2_2)
     1    0.00    0.09    0.07    1.23 v _1291_/ZN (gf180mcu_fd_sc_mcu7t5v0__nand2_2)
                                         cnb.next_average_counter_w[0] (net)
                  0.09    0.00    1.23 v cnb.average_counter_r[0]$_DFF_PN1_/D (gf180mcu_fd_sc_mcu7t5v0__dffsnq_4)
                                  1.23   data arrival time

                          0.00    0.00   clock adc_clk (rise edge)
                          0.00    0.00   clock source latency
     1    0.04    0.00    0.00    0.00 ^ a_clk_dig_in (in)
                                         a_clk_dig_in (net)
                  0.00    0.00    0.00 ^ clkbuf_0_a_clk_dig_in/I (gf180mcu_fd_sc_mcu7t5v0__clkbuf_8)
     4    0.07    0.16    0.23    0.23 ^ clkbuf_0_a_clk_dig_in/Z (gf180mcu_fd_sc_mcu7t5v0__clkbuf_8)
                                         clknet_0_a_clk_dig_in (net)
                  0.16    0.00    0.23 ^ clkbuf_2_0__f_a_clk_dig_in/I (gf180mcu_fd_sc_mcu7t5v0__clkbuf_8)
    16    0.09    0.20    0.29    0.52 ^ clkbuf_2_0__f_a_clk_dig_in/Z (gf180mcu_fd_sc_mcu7t5v0__clkbuf_8)
                                         clknet_2_0__leaf_a_clk_dig_in (net)
                  0.20    0.00    0.52 ^ cnb.average_counter_r[0]$_DFF_PN1_/CLK (gf180mcu_fd_sc_mcu7t5v0__dffsnq_4)
                         -0.05    0.47   clock reconvergence pessimism
                          0.04    0.52   library hold time
                                  0.52   data required time
-----------------------------------------------------------------------------
                                  0.52   data required time
                                 -1.23   data arrival time
-----------------------------------------------------------------------------
                                  0.71   slack (MET)



==========================================================================
cts final report_checks -path_delay max
--------------------------------------------------------------------------
Startpoint: cnb.sampled_avg_control_r[0]$_DFFE_PN0P_
            (rising edge-triggered flip-flop clocked by adc_clk)
Endpoint: cnb.data_register_r[9]$_DFFE_PN1P_
          (rising edge-triggered flip-flop clocked by adc_clk)
Path Group: adc_clk
Path Type: max

Fanout     Cap    Slew   Delay    Time   Description
-----------------------------------------------------------------------------
                          0.00    0.00   clock adc_clk (rise edge)
                          0.00    0.00   clock source latency
     1    0.04    0.00    0.00    0.00 ^ a_clk_dig_in (in)
                                         a_clk_dig_in (net)
                  0.00    0.00    0.00 ^ clkbuf_0_a_clk_dig_in/I (gf180mcu_fd_sc_mcu7t5v0__clkbuf_8)
     4    0.07    0.16    0.23    0.23 ^ clkbuf_0_a_clk_dig_in/Z (gf180mcu_fd_sc_mcu7t5v0__clkbuf_8)
                                         clknet_0_a_clk_dig_in (net)
                  0.16    0.00    0.23 ^ clkbuf_2_0__f_a_clk_dig_in/I (gf180mcu_fd_sc_mcu7t5v0__clkbuf_8)
    16    0.09    0.20    0.29    0.52 ^ clkbuf_2_0__f_a_clk_dig_in/Z (gf180mcu_fd_sc_mcu7t5v0__clkbuf_8)
                                         clknet_2_0__leaf_a_clk_dig_in (net)
                  0.20    0.00    0.52 ^ cnb.sampled_avg_control_r[0]$_DFFE_PN0P_/CLK (gf180mcu_fd_sc_mcu7t5v0__dffrnq_2)
     6    0.05    0.43    1.00    1.53 ^ cnb.sampled_avg_control_r[0]$_DFFE_PN0P_/Q (gf180mcu_fd_sc_mcu7t5v0__dffrnq_2)
                                         cnb.sampled_avg_control_r[0] (net)
                  0.43    0.00    1.53 ^ _0628_/A2 (gf180mcu_fd_sc_mcu7t5v0__nor2_2)
     3    0.03    0.27    0.24    1.77 v _0628_/ZN (gf180mcu_fd_sc_mcu7t5v0__nor2_2)
                                         _0168_ (net)
                  0.27    0.00    1.77 v _0629_/A2 (gf180mcu_fd_sc_mcu7t5v0__xnor2_2)
     2    0.02    0.18    0.43    2.20 v _0629_/ZN (gf180mcu_fd_sc_mcu7t5v0__xnor2_2)
                                         _0020_ (net)
                  0.18    0.00    2.20 v _1345_/A (gf180mcu_fd_sc_mcu7t5v0__addh_2)
     1    0.01    0.15    0.50    2.70 ^ _1345_/S (gf180mcu_fd_sc_mcu7t5v0__addh_2)
                                         _0022_ (net)
                  0.15    0.00    2.70 ^ _0678_/A2 (gf180mcu_fd_sc_mcu7t5v0__aoi21_2)
     1    0.01    0.16    0.11    2.82 v _0678_/ZN (gf180mcu_fd_sc_mcu7t5v0__aoi21_2)
                                         _0214_ (net)
                  0.16    0.00    2.82 v _0680_/A2 (gf180mcu_fd_sc_mcu7t5v0__oai21_2)
     2    0.03    0.51    0.38    3.20 ^ _0680_/ZN (gf180mcu_fd_sc_mcu7t5v0__oai21_2)
                                         _0216_ (net)
                  0.51    0.00    3.20 ^ _0683_/A1 (gf180mcu_fd_sc_mcu7t5v0__aoi211_4)
     3    0.04    0.29    0.20    3.39 v _0683_/ZN (gf180mcu_fd_sc_mcu7t5v0__aoi211_4)
                                         _0219_ (net)
                  0.29    0.00    3.39 v _0691_/A1 (gf180mcu_fd_sc_mcu7t5v0__or3_4)
     1    0.02    0.14    0.41    3.81 v _0691_/Z (gf180mcu_fd_sc_mcu7t5v0__or3_4)
                                         _0227_ (net)
                  0.14    0.00    3.81 v _0693_/B1 (gf180mcu_fd_sc_mcu7t5v0__aoi22_4)
    18    0.15    1.35    0.87    4.68 ^ _0693_/ZN (gf180mcu_fd_sc_mcu7t5v0__aoi22_4)
                                         _0229_ (net)
                  1.35    0.00    4.68 ^ _0829_/A1 (gf180mcu_fd_sc_mcu7t5v0__nor2_2)
     3    0.02    0.41    0.21    4.89 v _0829_/ZN (gf180mcu_fd_sc_mcu7t5v0__nor2_2)
                                         _0338_ (net)
                  0.41    0.00    4.89 v _0841_/A1 (gf180mcu_fd_sc_mcu7t5v0__xnor2_2)
     1    0.01    0.13    0.59    5.48 ^ _0841_/ZN (gf180mcu_fd_sc_mcu7t5v0__xnor2_2)
                                         _0048_ (net)
                  0.13    0.00    5.48 ^ _1356_/B (gf180mcu_fd_sc_mcu7t5v0__addh_2)
     4    0.03    0.23    0.54    6.02 v _1356_/S (gf180mcu_fd_sc_mcu7t5v0__addh_2)
                                         _0050_ (net)
                  0.23    0.00    6.02 v _0901_/A1 (gf180mcu_fd_sc_mcu7t5v0__and2_2)
     1    0.01    0.10    0.26    6.28 v _0901_/Z (gf180mcu_fd_sc_mcu7t5v0__and2_2)
                                         _0394_ (net)
                  0.10    0.00    6.28 v _0903_/A1 (gf180mcu_fd_sc_mcu7t5v0__aoi211_2)
     1    0.01    0.45    0.22    6.51 ^ _0903_/ZN (gf180mcu_fd_sc_mcu7t5v0__aoi211_2)
                                         _0396_ (net)
                  0.45    0.00    6.51 ^ _0904_/B (gf180mcu_fd_sc_mcu7t5v0__aoi21_2)
     2    0.02    0.27    0.23    6.73 v _0904_/ZN (gf180mcu_fd_sc_mcu7t5v0__aoi21_2)
                                         _0397_ (net)
                  0.27    0.00    6.73 v _0916_/A3 (gf180mcu_fd_sc_mcu7t5v0__and3_2)
     1    0.01    0.10    0.33    7.06 v _0916_/Z (gf180mcu_fd_sc_mcu7t5v0__and3_2)
                                         _0407_ (net)
                  0.10    0.00    7.06 v _0917_/C (gf180mcu_fd_sc_mcu7t5v0__aoi211_2)
     4    0.03    0.92    0.66    7.72 ^ _0917_/ZN (gf180mcu_fd_sc_mcu7t5v0__aoi211_2)
                                         _0408_ (net)
                  0.92    0.00    7.72 ^ _0920_/A4 (gf180mcu_fd_sc_mcu7t5v0__or4_2)
     1    0.01    0.11    0.41    8.14 ^ _0920_/Z (gf180mcu_fd_sc_mcu7t5v0__or4_2)
                                         _0411_ (net)
                  0.11    0.00    8.14 ^ _0930_/I1 (gf180mcu_fd_sc_mcu7t5v0__mux2_2)
     1    0.01    0.11    0.25    8.38 ^ _0930_/Z (gf180mcu_fd_sc_mcu7t5v0__mux2_2)
                                         _0421_ (net)
                  0.11    0.00    8.38 ^ _0936_/A1 (gf180mcu_fd_sc_mcu7t5v0__and3_2)
     1    0.00    0.09    0.24    8.63 ^ _0936_/Z (gf180mcu_fd_sc_mcu7t5v0__and3_2)
                                         _0094_ (net)
                  0.09    0.00    8.63 ^ cnb.data_register_r[9]$_DFFE_PN1P_/D (gf180mcu_fd_sc_mcu7t5v0__dffsnq_4)
                                  8.63   data arrival time

                         10.00   10.00   clock adc_clk (rise edge)
                          0.00   10.00   clock source latency
     1    0.04    0.00    0.00   10.00 ^ a_clk_dig_in (in)
                                         a_clk_dig_in (net)
                  0.00    0.00   10.00 ^ clkbuf_0_a_clk_dig_in/I (gf180mcu_fd_sc_mcu7t5v0__clkbuf_8)
     4    0.07    0.16    0.21   10.21 ^ clkbuf_0_a_clk_dig_in/Z (gf180mcu_fd_sc_mcu7t5v0__clkbuf_8)
                                         clknet_0_a_clk_dig_in (net)
                  0.16    0.00   10.21 ^ clkbuf_2_2__f_a_clk_dig_in/I (gf180mcu_fd_sc_mcu7t5v0__clkbuf_8)
    13    0.09    0.20    0.27   10.48 ^ clkbuf_2_2__f_a_clk_dig_in/Z (gf180mcu_fd_sc_mcu7t5v0__clkbuf_8)
                                         clknet_2_2__leaf_a_clk_dig_in (net)
                  0.20    0.00   10.48 ^ cnb.data_register_r[9]$_DFFE_PN1P_/CLK (gf180mcu_fd_sc_mcu7t5v0__dffsnq_4)
                          0.02   10.50   clock reconvergence pessimism
                         -0.19   10.32   library setup time
                                 10.32   data required time
-----------------------------------------------------------------------------
                                 10.32   data required time
                                 -8.63   data arrival time
-----------------------------------------------------------------------------
                                  1.69   slack (MET)



==========================================================================
cts final report_checks -unconstrained
--------------------------------------------------------------------------
Startpoint: cnb.sampled_avg_control_r[0]$_DFFE_PN0P_
            (rising edge-triggered flip-flop clocked by adc_clk)
Endpoint: cnb.data_register_r[9]$_DFFE_PN1P_
          (rising edge-triggered flip-flop clocked by adc_clk)
Path Group: adc_clk
Path Type: max

Fanout     Cap    Slew   Delay    Time   Description
-----------------------------------------------------------------------------
                          0.00    0.00   clock adc_clk (rise edge)
                          0.00    0.00   clock source latency
     1    0.04    0.00    0.00    0.00 ^ a_clk_dig_in (in)
                                         a_clk_dig_in (net)
                  0.00    0.00    0.00 ^ clkbuf_0_a_clk_dig_in/I (gf180mcu_fd_sc_mcu7t5v0__clkbuf_8)
     4    0.07    0.16    0.23    0.23 ^ clkbuf_0_a_clk_dig_in/Z (gf180mcu_fd_sc_mcu7t5v0__clkbuf_8)
                                         clknet_0_a_clk_dig_in (net)
                  0.16    0.00    0.23 ^ clkbuf_2_0__f_a_clk_dig_in/I (gf180mcu_fd_sc_mcu7t5v0__clkbuf_8)
    16    0.09    0.20    0.29    0.52 ^ clkbuf_2_0__f_a_clk_dig_in/Z (gf180mcu_fd_sc_mcu7t5v0__clkbuf_8)
                                         clknet_2_0__leaf_a_clk_dig_in (net)
                  0.20    0.00    0.52 ^ cnb.sampled_avg_control_r[0]$_DFFE_PN0P_/CLK (gf180mcu_fd_sc_mcu7t5v0__dffrnq_2)
     6    0.05    0.43    1.00    1.53 ^ cnb.sampled_avg_control_r[0]$_DFFE_PN0P_/Q (gf180mcu_fd_sc_mcu7t5v0__dffrnq_2)
                                         cnb.sampled_avg_control_r[0] (net)
                  0.43    0.00    1.53 ^ _0628_/A2 (gf180mcu_fd_sc_mcu7t5v0__nor2_2)
     3    0.03    0.27    0.24    1.77 v _0628_/ZN (gf180mcu_fd_sc_mcu7t5v0__nor2_2)
                                         _0168_ (net)
                  0.27    0.00    1.77 v _0629_/A2 (gf180mcu_fd_sc_mcu7t5v0__xnor2_2)
     2    0.02    0.18    0.43    2.20 v _0629_/ZN (gf180mcu_fd_sc_mcu7t5v0__xnor2_2)
                                         _0020_ (net)
                  0.18    0.00    2.20 v _1345_/A (gf180mcu_fd_sc_mcu7t5v0__addh_2)
     1    0.01    0.15    0.50    2.70 ^ _1345_/S (gf180mcu_fd_sc_mcu7t5v0__addh_2)
                                         _0022_ (net)
                  0.15    0.00    2.70 ^ _0678_/A2 (gf180mcu_fd_sc_mcu7t5v0__aoi21_2)
     1    0.01    0.16    0.11    2.82 v _0678_/ZN (gf180mcu_fd_sc_mcu7t5v0__aoi21_2)
                                         _0214_ (net)
                  0.16    0.00    2.82 v _0680_/A2 (gf180mcu_fd_sc_mcu7t5v0__oai21_2)
     2    0.03    0.51    0.38    3.20 ^ _0680_/ZN (gf180mcu_fd_sc_mcu7t5v0__oai21_2)
                                         _0216_ (net)
                  0.51    0.00    3.20 ^ _0683_/A1 (gf180mcu_fd_sc_mcu7t5v0__aoi211_4)
     3    0.04    0.29    0.20    3.39 v _0683_/ZN (gf180mcu_fd_sc_mcu7t5v0__aoi211_4)
                                         _0219_ (net)
                  0.29    0.00    3.39 v _0691_/A1 (gf180mcu_fd_sc_mcu7t5v0__or3_4)
     1    0.02    0.14    0.41    3.81 v _0691_/Z (gf180mcu_fd_sc_mcu7t5v0__or3_4)
                                         _0227_ (net)
                  0.14    0.00    3.81 v _0693_/B1 (gf180mcu_fd_sc_mcu7t5v0__aoi22_4)
    18    0.15    1.35    0.87    4.68 ^ _0693_/ZN (gf180mcu_fd_sc_mcu7t5v0__aoi22_4)
                                         _0229_ (net)
                  1.35    0.00    4.68 ^ _0829_/A1 (gf180mcu_fd_sc_mcu7t5v0__nor2_2)
     3    0.02    0.41    0.21    4.89 v _0829_/ZN (gf180mcu_fd_sc_mcu7t5v0__nor2_2)
                                         _0338_ (net)
                  0.41    0.00    4.89 v _0841_/A1 (gf180mcu_fd_sc_mcu7t5v0__xnor2_2)
     1    0.01    0.13    0.59    5.48 ^ _0841_/ZN (gf180mcu_fd_sc_mcu7t5v0__xnor2_2)
                                         _0048_ (net)
                  0.13    0.00    5.48 ^ _1356_/B (gf180mcu_fd_sc_mcu7t5v0__addh_2)
     4    0.03    0.23    0.54    6.02 v _1356_/S (gf180mcu_fd_sc_mcu7t5v0__addh_2)
                                         _0050_ (net)
                  0.23    0.00    6.02 v _0901_/A1 (gf180mcu_fd_sc_mcu7t5v0__and2_2)
     1    0.01    0.10    0.26    6.28 v _0901_/Z (gf180mcu_fd_sc_mcu7t5v0__and2_2)
                                         _0394_ (net)
                  0.10    0.00    6.28 v _0903_/A1 (gf180mcu_fd_sc_mcu7t5v0__aoi211_2)
     1    0.01    0.45    0.22    6.51 ^ _0903_/ZN (gf180mcu_fd_sc_mcu7t5v0__aoi211_2)
                                         _0396_ (net)
                  0.45    0.00    6.51 ^ _0904_/B (gf180mcu_fd_sc_mcu7t5v0__aoi21_2)
     2    0.02    0.27    0.23    6.73 v _0904_/ZN (gf180mcu_fd_sc_mcu7t5v0__aoi21_2)
                                         _0397_ (net)
                  0.27    0.00    6.73 v _0916_/A3 (gf180mcu_fd_sc_mcu7t5v0__and3_2)
     1    0.01    0.10    0.33    7.06 v _0916_/Z (gf180mcu_fd_sc_mcu7t5v0__and3_2)
                                         _0407_ (net)
                  0.10    0.00    7.06 v _0917_/C (gf180mcu_fd_sc_mcu7t5v0__aoi211_2)
     4    0.03    0.92    0.66    7.72 ^ _0917_/ZN (gf180mcu_fd_sc_mcu7t5v0__aoi211_2)
                                         _0408_ (net)
                  0.92    0.00    7.72 ^ _0920_/A4 (gf180mcu_fd_sc_mcu7t5v0__or4_2)
     1    0.01    0.11    0.41    8.14 ^ _0920_/Z (gf180mcu_fd_sc_mcu7t5v0__or4_2)
                                         _0411_ (net)
                  0.11    0.00    8.14 ^ _0930_/I1 (gf180mcu_fd_sc_mcu7t5v0__mux2_2)
     1    0.01    0.11    0.25    8.38 ^ _0930_/Z (gf180mcu_fd_sc_mcu7t5v0__mux2_2)
                                         _0421_ (net)
                  0.11    0.00    8.38 ^ _0936_/A1 (gf180mcu_fd_sc_mcu7t5v0__and3_2)
     1    0.00    0.09    0.24    8.63 ^ _0936_/Z (gf180mcu_fd_sc_mcu7t5v0__and3_2)
                                         _0094_ (net)
                  0.09    0.00    8.63 ^ cnb.data_register_r[9]$_DFFE_PN1P_/D (gf180mcu_fd_sc_mcu7t5v0__dffsnq_4)
                                  8.63   data arrival time

                         10.00   10.00   clock adc_clk (rise edge)
                          0.00   10.00   clock source latency
     1    0.04    0.00    0.00   10.00 ^ a_clk_dig_in (in)
                                         a_clk_dig_in (net)
                  0.00    0.00   10.00 ^ clkbuf_0_a_clk_dig_in/I (gf180mcu_fd_sc_mcu7t5v0__clkbuf_8)
     4    0.07    0.16    0.21   10.21 ^ clkbuf_0_a_clk_dig_in/Z (gf180mcu_fd_sc_mcu7t5v0__clkbuf_8)
                                         clknet_0_a_clk_dig_in (net)
                  0.16    0.00   10.21 ^ clkbuf_2_2__f_a_clk_dig_in/I (gf180mcu_fd_sc_mcu7t5v0__clkbuf_8)
    13    0.09    0.20    0.27   10.48 ^ clkbuf_2_2__f_a_clk_dig_in/Z (gf180mcu_fd_sc_mcu7t5v0__clkbuf_8)
                                         clknet_2_2__leaf_a_clk_dig_in (net)
                  0.20    0.00   10.48 ^ cnb.data_register_r[9]$_DFFE_PN1P_/CLK (gf180mcu_fd_sc_mcu7t5v0__dffsnq_4)
                          0.02   10.50   clock reconvergence pessimism
                         -0.19   10.32   library setup time
                                 10.32   data required time
-----------------------------------------------------------------------------
                                 10.32   data required time
                                 -8.63   data arrival time
-----------------------------------------------------------------------------
                                  1.69   slack (MET)



==========================================================================
cts final report_check_types -max_slew -max_cap -max_fanout -violators
--------------------------------------------------------------------------

==========================================================================
cts final max_slew_check_slack
--------------------------------------------------------------------------
3.1405436992645264

==========================================================================
cts final max_slew_check_limit
--------------------------------------------------------------------------
5.199999809265137

==========================================================================
cts final max_slew_check_slack_limit
--------------------------------------------------------------------------
0.6040

==========================================================================
cts final max_fanout_check_slack
--------------------------------------------------------------------------
1.0000000150474662e+30

==========================================================================
cts final max_fanout_check_limit
--------------------------------------------------------------------------
1.0000000150474662e+30

==========================================================================
cts final max_capacitance_check_slack
--------------------------------------------------------------------------
0.18740053474903107

==========================================================================
cts final max_capacitance_check_limit
--------------------------------------------------------------------------
0.1979999989271164

==========================================================================
cts final max_capacitance_check_slack_limit
--------------------------------------------------------------------------
0.9465

==========================================================================
cts final max_slew_violation_count
--------------------------------------------------------------------------
max slew violation count 0

==========================================================================
cts final max_fanout_violation_count
--------------------------------------------------------------------------
max fanout violation count 0

==========================================================================
cts final max_cap_violation_count
--------------------------------------------------------------------------
max cap violation count 0

==========================================================================
cts final setup_violation_count
--------------------------------------------------------------------------
setup violation count 0

==========================================================================
cts final hold_violation_count
--------------------------------------------------------------------------
hold violation count 0

==========================================================================
cts final report_checks -path_delay max reg to reg
--------------------------------------------------------------------------
Startpoint: cnb.sampled_avg_control_r[0]$_DFFE_PN0P_
            (rising edge-triggered flip-flop clocked by adc_clk)
Endpoint: cnb.data_register_r[9]$_DFFE_PN1P_
          (rising edge-triggered flip-flop clocked by adc_clk)
Path Group: adc_clk
Path Type: max

  Delay    Time   Description
---------------------------------------------------------
   0.00    0.00   clock adc_clk (rise edge)
   0.00    0.00   clock source latency
   0.00    0.00 ^ a_clk_dig_in (in)
   0.23    0.23 ^ clkbuf_0_a_clk_dig_in/Z (gf180mcu_fd_sc_mcu7t5v0__clkbuf_8)
   0.29    0.52 ^ clkbuf_2_0__f_a_clk_dig_in/Z (gf180mcu_fd_sc_mcu7t5v0__clkbuf_8)
   0.00    0.52 ^ cnb.sampled_avg_control_r[0]$_DFFE_PN0P_/CLK (gf180mcu_fd_sc_mcu7t5v0__dffrnq_2)
   1.00    1.53 ^ cnb.sampled_avg_control_r[0]$_DFFE_PN0P_/Q (gf180mcu_fd_sc_mcu7t5v0__dffrnq_2)
   0.24    1.77 v _0628_/ZN (gf180mcu_fd_sc_mcu7t5v0__nor2_2)
   0.43    2.20 v _0629_/ZN (gf180mcu_fd_sc_mcu7t5v0__xnor2_2)
   0.50    2.70 ^ _1345_/S (gf180mcu_fd_sc_mcu7t5v0__addh_2)
   0.11    2.82 v _0678_/ZN (gf180mcu_fd_sc_mcu7t5v0__aoi21_2)
   0.38    3.20 ^ _0680_/ZN (gf180mcu_fd_sc_mcu7t5v0__oai21_2)
   0.20    3.39 v _0683_/ZN (gf180mcu_fd_sc_mcu7t5v0__aoi211_4)
   0.41    3.81 v _0691_/Z (gf180mcu_fd_sc_mcu7t5v0__or3_4)
   0.87    4.68 ^ _0693_/ZN (gf180mcu_fd_sc_mcu7t5v0__aoi22_4)
   0.21    4.89 v _0829_/ZN (gf180mcu_fd_sc_mcu7t5v0__nor2_2)
   0.59    5.48 ^ _0841_/ZN (gf180mcu_fd_sc_mcu7t5v0__xnor2_2)
   0.54    6.02 v _1356_/S (gf180mcu_fd_sc_mcu7t5v0__addh_2)
   0.26    6.28 v _0901_/Z (gf180mcu_fd_sc_mcu7t5v0__and2_2)
   0.22    6.51 ^ _0903_/ZN (gf180mcu_fd_sc_mcu7t5v0__aoi211_2)
   0.23    6.73 v _0904_/ZN (gf180mcu_fd_sc_mcu7t5v0__aoi21_2)
   0.33    7.06 v _0916_/Z (gf180mcu_fd_sc_mcu7t5v0__and3_2)
   0.66    7.72 ^ _0917_/ZN (gf180mcu_fd_sc_mcu7t5v0__aoi211_2)
   0.41    8.14 ^ _0920_/Z (gf180mcu_fd_sc_mcu7t5v0__or4_2)
   0.25    8.38 ^ _0930_/Z (gf180mcu_fd_sc_mcu7t5v0__mux2_2)
   0.24    8.63 ^ _0936_/Z (gf180mcu_fd_sc_mcu7t5v0__and3_2)
   0.00    8.63 ^ cnb.data_register_r[9]$_DFFE_PN1P_/D (gf180mcu_fd_sc_mcu7t5v0__dffsnq_4)
           8.63   data arrival time

  10.00   10.00   clock adc_clk (rise edge)
   0.00   10.00   clock source latency
   0.00   10.00 ^ a_clk_dig_in (in)
   0.21   10.21 ^ clkbuf_0_a_clk_dig_in/Z (gf180mcu_fd_sc_mcu7t5v0__clkbuf_8)
   0.27   10.48 ^ clkbuf_2_2__f_a_clk_dig_in/Z (gf180mcu_fd_sc_mcu7t5v0__clkbuf_8)
   0.00   10.48 ^ cnb.data_register_r[9]$_DFFE_PN1P_/CLK (gf180mcu_fd_sc_mcu7t5v0__dffsnq_4)
   0.02   10.50   clock reconvergence pessimism
  -0.19   10.32   library setup time
          10.32   data required time
---------------------------------------------------------
          10.32   data required time
          -8.63   data arrival time
---------------------------------------------------------
           1.69   slack (MET)



==========================================================================
cts final report_checks -path_delay min reg to reg
--------------------------------------------------------------------------
Startpoint: cnb.average_counter_r[0]$_DFF_PN1_
            (rising edge-triggered flip-flop clocked by adc_clk)
Endpoint: cnb.average_counter_r[0]$_DFF_PN1_
          (rising edge-triggered flip-flop clocked by adc_clk)
Path Group: adc_clk
Path Type: min

  Delay    Time   Description
---------------------------------------------------------
   0.00    0.00   clock adc_clk (rise edge)
   0.00    0.00   clock source latency
   0.00    0.00 ^ a_clk_dig_in (in)
   0.21    0.21 ^ clkbuf_0_a_clk_dig_in/Z (gf180mcu_fd_sc_mcu7t5v0__clkbuf_8)
   0.26    0.47 ^ clkbuf_2_0__f_a_clk_dig_in/Z (gf180mcu_fd_sc_mcu7t5v0__clkbuf_8)
   0.00    0.47 ^ cnb.average_counter_r[0]$_DFF_PN1_/CLK (gf180mcu_fd_sc_mcu7t5v0__dffsnq_4)
   0.68    1.16 ^ cnb.average_counter_r[0]$_DFF_PN1_/Q (gf180mcu_fd_sc_mcu7t5v0__dffsnq_4)
   0.07    1.23 v _1291_/ZN (gf180mcu_fd_sc_mcu7t5v0__nand2_2)
   0.00    1.23 v cnb.average_counter_r[0]$_DFF_PN1_/D (gf180mcu_fd_sc_mcu7t5v0__dffsnq_4)
           1.23   data arrival time

   0.00    0.00   clock adc_clk (rise edge)
   0.00    0.00   clock source latency
   0.00    0.00 ^ a_clk_dig_in (in)
   0.23    0.23 ^ clkbuf_0_a_clk_dig_in/Z (gf180mcu_fd_sc_mcu7t5v0__clkbuf_8)
   0.29    0.52 ^ clkbuf_2_0__f_a_clk_dig_in/Z (gf180mcu_fd_sc_mcu7t5v0__clkbuf_8)
   0.00    0.52 ^ cnb.average_counter_r[0]$_DFF_PN1_/CLK (gf180mcu_fd_sc_mcu7t5v0__dffsnq_4)
  -0.05    0.47   clock reconvergence pessimism
   0.04    0.52   library hold time
           0.52   data required time
---------------------------------------------------------
           0.52   data required time
          -1.23   data arrival time
---------------------------------------------------------
           0.71   slack (MET)



==========================================================================
cts final critical path target clock latency max path
--------------------------------------------------------------------------
0.4749

==========================================================================
cts final critical path target clock latency min path
--------------------------------------------------------------------------
0.5248

==========================================================================
cts final critical path source clock latency min path
--------------------------------------------------------------------------
0.0000

==========================================================================
cts final critical path delay
--------------------------------------------------------------------------
8.6267

==========================================================================
cts final critical path slack
--------------------------------------------------------------------------
1.6885

==========================================================================
cts final slack div critical path delay
--------------------------------------------------------------------------
19.572954

==========================================================================
cts final report_power
--------------------------------------------------------------------------
Group                  Internal  Switching    Leakage      Total
                          Power      Power      Power      Power (Watts)
----------------------------------------------------------------
Sequential             2.05e-03   4.83e-04   2.06e-08   2.53e-03  32.5%
Combinational          2.44e-03   1.70e-03   7.79e-08   4.14e-03  53.2%
Clock                  5.79e-04   5.30e-04   5.70e-09   1.11e-03  14.3%
Macro                  0.00e+00   0.00e+00   0.00e+00   0.00e+00   0.0%
Pad                    0.00e+00   0.00e+00   0.00e+00   0.00e+00   0.0%
----------------------------------------------------------------
Total                  5.07e-03   2.71e-03   1.04e-07   7.78e-03 100.0%
                          65.1%      34.9%       0.0%
